2026-03-26 18:40:36 | INFO | CI | === RUN START ===
2026-03-26 18:40:36 | INFO | CI | project=MODULE 4: EVTL PIPELINE
2026-03-26 18:40:36 | INFO | CI | repo_dir=nlp-04-api-text-data
2026-03-26 18:40:36 | INFO | CI | python=3.14.3
2026-03-26 18:40:36 | INFO | CI | os=Windows 11
2026-03-26 18:40:36 | INFO | CI | shell=powershell
2026-03-26 18:40:36 | INFO | CI | cwd=.
2026-03-26 18:40:36 | INFO | CI | github_actions=False
2026-03-26 18:40:36 | INFO | CI | START PIPELINE
2026-03-26 18:40:36 | INFO | CI | ROOT_PATH = .
2026-03-26 18:40:36 | INFO | CI | DATA_PATH = data
2026-03-26 18:40:36 | INFO | CI | RAW_PATH = data\raw
2026-03-26 18:40:36 | INFO | CI | PROCESSED_PATH = data\processed
2026-03-26 18:40:36 | INFO | CI | ========================
2026-03-26 18:40:36 | INFO | CI | STAGE 01: EXTRACT starting... 
2026-03-26 18:40:36 | INFO | CI | ========================
2026-03-26 18:40:37 | INFO | CI | SOURCE PATH = https://jsonplaceholder.typicode.com/posts
2026-03-26 18:40:37 | INFO | CI | SINK PATH = data\raw\case_raw.json
2026-03-26 18:40:37 | INFO | CI | ========================
2026-03-26 18:40:37 | INFO | CI | STAGE 02: VALIDATE starting...
2026-03-26 18:40:37 | INFO | CI | ========================
2026-03-26 18:40:37 | INFO | CI | JSON STRUCTURE INSPECTION:
2026-03-26 18:40:37 | INFO | CI | Top-level type: list
2026-03-26 18:40:37 | INFO | CI | Keys in first record: ['userId', 'id', 'title', 'body']
2026-03-26 18:40:37 | INFO | CI | Field types:
2026-03-26 18:40:37 | INFO | CI | userId: int
2026-03-26 18:40:37 | INFO | CI | id: int
2026-03-26 18:40:37 | INFO | CI | title: str
2026-03-26 18:40:37 | INFO | CI | body: str
2026-03-26 18:40:37 | INFO | CI | Validation passed.
2026-03-26 18:40:37 | INFO | CI | Sink: validated JSON object
2026-03-26 18:40:37 | INFO | CI | ========================
2026-03-26 18:40:37 | INFO | CI | STAGE 03: TRANSFORM starting...
2026-03-26 18:40:37 | INFO | CI | ========================
2026-03-26 18:40:37 | INFO | CI | Transformation complete.
2026-03-26 18:40:38 | INFO | CI | DataFrame preview:
shape: (5, 6)
┌─────────┬─────────┬─────────────────────────────────┬─────────────────────────────────┬──────────────┬─────────────┐
│ user_id ┆ post_id ┆ title                           ┆ body                            ┆ title_length ┆ body_length │
│ ---     ┆ ---     ┆ ---                             ┆ ---                             ┆ ---          ┆ ---         │
│ i64     ┆ i64     ┆ str                             ┆ str                             ┆ u32          ┆ u32         │
╞═════════╪═════════╪═════════════════════════════════╪═════════════════════════════════╪══════════════╪═════════════╡
│ 1       ┆ 1       ┆ sunt aut facere repellat provi… ┆ quia et suscipit                ┆ 74           ┆ 158         │
│         ┆         ┆                                 ┆ suscipit recu…                  ┆              ┆             │
│ 1       ┆ 2       ┆ qui est esse                    ┆ est rerum tempore vitae         ┆ 12           ┆ 206         │
│         ┆         ┆                                 ┆ sequi …                         ┆              ┆             │
│ 1       ┆ 3       ┆ ea molestias quasi exercitatio… ┆ et iusto sed quo iure           ┆ 59           ┆ 164         │
│         ┆         ┆                                 ┆ voluptat…                       ┆              ┆             │
│ 1       ┆ 4       ┆ eum et est occaecati            ┆ ullam et saepe reiciendis volu… ┆ 20           ┆ 190         │
│ 1       ┆ 5       ┆ nesciunt quas odio              ┆ repudiandae veniam quaerat sun… ┆ 18           ┆ 147         │
└─────────┴─────────┴─────────────────────────────────┴─────────────────────────────────┴──────────────┴─────────────┘
2026-03-26 18:40:38 | INFO | CI | Sink: Polars DataFrame created
2026-03-26 18:40:38 | INFO | CI | ========================
2026-03-26 18:40:38 | INFO | CI | STAGE 04: LOAD starting...
2026-03-26 18:40:38 | INFO | CI | ========================
2026-03-26 18:40:38 | INFO | CI | SINK PATH = data\processed\case_processed.csv
2026-03-26 18:40:38 | INFO | CI | ========================
2026-03-26 18:40:38 | INFO | CI | Pipeline executed successfully!
2026-03-26 18:40:38 | INFO | CI | ========================
2026-03-28 14:41:54 | INFO | CI | === RUN START ===
2026-03-28 14:41:54 | INFO | CI | project=MODULE 4: EVTL PIPELINE
2026-03-28 14:41:54 | INFO | CI | repo_dir=nlp-04-api-text-data
2026-03-28 14:41:54 | INFO | CI | python=3.14.3
2026-03-28 14:41:54 | INFO | CI | os=Windows 11
2026-03-28 14:41:54 | INFO | CI | shell=powershell
2026-03-28 14:41:54 | INFO | CI | cwd=.
2026-03-28 14:41:54 | INFO | CI | github_actions=False
2026-03-28 14:41:54 | INFO | CI | START PIPELINE
2026-03-28 14:41:54 | INFO | CI | ROOT_PATH = .
2026-03-28 14:41:54 | INFO | CI | DATA_PATH = data
2026-03-28 14:41:54 | INFO | CI | RAW_PATH = data\raw
2026-03-28 14:41:54 | INFO | CI | PROCESSED_PATH = data\processed
2026-03-28 14:41:54 | INFO | CI | ========================
2026-03-28 14:41:54 | INFO | CI | STAGE 01: EXTRACT starting... 
2026-03-28 14:41:54 | INFO | CI | ========================
2026-03-28 14:41:55 | INFO | CI | SOURCE PATH = https://jsonplaceholder.typicode.com/posts
2026-03-28 14:41:55 | INFO | CI | SINK PATH = data\raw\case_raw.json
2026-03-28 14:41:55 | INFO | CI | ========================
2026-03-28 14:41:55 | INFO | CI | STAGE 02: VALIDATE starting...
2026-03-28 14:41:55 | INFO | CI | ========================
2026-03-28 14:41:55 | INFO | CI | JSON STRUCTURE INSPECTION:
2026-03-28 14:41:55 | INFO | CI | Top-level type: list
2026-03-28 14:41:55 | INFO | CI | Keys in first record: ['userId', 'id', 'title', 'body']
2026-03-28 14:41:55 | INFO | CI | Field types:
2026-03-28 14:41:55 | INFO | CI | userId: int
2026-03-28 14:41:55 | INFO | CI | id: int
2026-03-28 14:41:55 | INFO | CI | title: str
2026-03-28 14:41:55 | INFO | CI | body: str
2026-03-28 14:41:55 | INFO | CI | Validation passed.
2026-03-28 14:41:55 | INFO | CI | Sink: validated JSON object
2026-03-28 14:41:55 | INFO | CI | ========================
2026-03-28 14:41:55 | INFO | CI | STAGE 03: TRANSFORM starting...
2026-03-28 14:41:55 | INFO | CI | ========================
2026-03-28 14:41:56 | INFO | CI | Transformation complete.
2026-03-28 14:41:56 | INFO | CI | DataFrame preview:
shape: (5, 6)
┌─────────┬─────────┬─────────────────────────────────┬─────────────────────────────────┬──────────────┬─────────────┐
│ user_id ┆ post_id ┆ title                           ┆ body                            ┆ title_length ┆ body_length │
│ ---     ┆ ---     ┆ ---                             ┆ ---                             ┆ ---          ┆ ---         │
│ i64     ┆ i64     ┆ str                             ┆ str                             ┆ u32          ┆ u32         │
╞═════════╪═════════╪═════════════════════════════════╪═════════════════════════════════╪══════════════╪═════════════╡
│ 1       ┆ 1       ┆ sunt aut facere repellat provi… ┆ quia et suscipit                ┆ 74           ┆ 158         │
│         ┆         ┆                                 ┆ suscipit recu…                  ┆              ┆             │
│ 1       ┆ 2       ┆ qui est esse                    ┆ est rerum tempore vitae         ┆ 12           ┆ 206         │
│         ┆         ┆                                 ┆ sequi …                         ┆              ┆             │
│ 1       ┆ 3       ┆ ea molestias quasi exercitatio… ┆ et iusto sed quo iure           ┆ 59           ┆ 164         │
│         ┆         ┆                                 ┆ voluptat…                       ┆              ┆             │
│ 1       ┆ 4       ┆ eum et est occaecati            ┆ ullam et saepe reiciendis volu… ┆ 20           ┆ 190         │
│ 1       ┆ 5       ┆ nesciunt quas odio              ┆ repudiandae veniam quaerat sun… ┆ 18           ┆ 147         │
└─────────┴─────────┴─────────────────────────────────┴─────────────────────────────────┴──────────────┴─────────────┘
2026-03-28 14:41:56 | INFO | CI | Sink: Polars DataFrame created
2026-03-28 14:41:56 | INFO | CI | ========================
2026-03-28 14:41:56 | INFO | CI | STAGE 04: LOAD starting...
2026-03-28 14:41:56 | INFO | CI | ========================
2026-03-28 14:41:56 | INFO | CI | SINK PATH = data\processed\case_processed.csv
2026-03-28 14:41:56 | INFO | CI | ========================
2026-03-28 14:41:56 | INFO | CI | Pipeline executed successfully!
2026-03-28 14:41:56 | INFO | CI | ========================
2026-03-28 14:42:36 | INFO | CI | === RUN START ===
2026-03-28 14:42:36 | INFO | CI | project=MODULE 4: EVTL PIPELINE
2026-03-28 14:42:36 | INFO | CI | repo_dir=nlp-04-api-text-data
2026-03-28 14:42:36 | INFO | CI | python=3.14.3
2026-03-28 14:42:36 | INFO | CI | os=Windows 11
2026-03-28 14:42:36 | INFO | CI | shell=powershell
2026-03-28 14:42:36 | INFO | CI | cwd=.
2026-03-28 14:42:36 | INFO | CI | github_actions=False
2026-03-28 14:42:36 | INFO | CI | START PIPELINE
2026-03-28 14:42:36 | INFO | CI | ROOT_PATH = .
2026-03-28 14:42:36 | INFO | CI | DATA_PATH = data
2026-03-28 14:42:36 | INFO | CI | RAW_PATH = data\raw
2026-03-28 14:42:36 | INFO | CI | PROCESSED_PATH = data\processed
2026-03-28 14:42:36 | INFO | CI | ========================
2026-03-28 14:42:36 | INFO | CI | STAGE 01: EXTRACT starting... 
2026-03-28 14:42:36 | INFO | CI | ========================
2026-03-28 14:42:43 | INFO | CI | SOURCE PATH = https://jsonplaceholder.typicode.com/posts
2026-03-28 14:42:43 | INFO | CI | SINK PATH = data\raw\case_raw.json
2026-03-28 14:42:43 | INFO | CI | ========================
2026-03-28 14:42:43 | INFO | CI | STAGE 02: VALIDATE starting...
2026-03-28 14:42:43 | INFO | CI | ========================
2026-03-28 14:42:43 | INFO | CI | JSON STRUCTURE INSPECTION:
2026-03-28 14:42:43 | INFO | CI | Top-level type: list
2026-03-28 14:42:43 | INFO | CI | Keys in first record: ['userId', 'id', 'title', 'body']
2026-03-28 14:42:43 | INFO | CI | Field types:
2026-03-28 14:42:43 | INFO | CI | userId: int
2026-03-28 14:42:43 | INFO | CI | id: int
2026-03-28 14:42:43 | INFO | CI | title: str
2026-03-28 14:42:43 | INFO | CI | body: str
2026-03-28 14:42:43 | INFO | CI | Validation passed.
2026-03-28 14:42:43 | INFO | CI | Sink: validated JSON object
2026-03-28 14:42:43 | INFO | CI | ========================
2026-03-28 14:42:43 | INFO | CI | STAGE 03: TRANSFORM starting...
2026-03-28 14:42:43 | INFO | CI | ========================
2026-03-28 14:42:43 | INFO | CI | Transformation complete.
2026-03-28 14:42:43 | INFO | CI | DataFrame preview:
shape: (5, 7)
┌─────────┬─────────┬─────────────────────────────────┬─────────────────────────────────┬──────────────┬─────────────┬───────────────────┐
│ user_id ┆ post_id ┆ title                           ┆ body                            ┆ title_length ┆ body_length ┆ total_text_length │
│ ---     ┆ ---     ┆ ---                             ┆ ---                             ┆ ---          ┆ ---         ┆ ---               │
│ i64     ┆ i64     ┆ str                             ┆ str                             ┆ u32          ┆ u32         ┆ u32               │
╞═════════╪═════════╪═════════════════════════════════╪═════════════════════════════════╪══════════════╪═════════════╪═══════════════════╡
│ 1       ┆ 1       ┆ sunt aut facere repellat provi… ┆ quia et suscipit                ┆ 74           ┆ 158         ┆ 74                │
│         ┆         ┆                                 ┆ suscipit recu…                  ┆              ┆             ┆                   │
│ 1       ┆ 2       ┆ qui est esse                    ┆ est rerum tempore vitae         ┆ 12           ┆ 206         ┆ 12                │
│         ┆         ┆                                 ┆ sequi …                         ┆              ┆             ┆                   │
│ 1       ┆ 3       ┆ ea molestias quasi exercitatio… ┆ et iusto sed quo iure           ┆ 59           ┆ 164         ┆ 59                │
│         ┆         ┆                                 ┆ voluptat…                       ┆              ┆             ┆                   │
│ 1       ┆ 4       ┆ eum et est occaecati            ┆ ullam et saepe reiciendis volu… ┆ 20           ┆ 190         ┆ 20                │
│ 1       ┆ 5       ┆ nesciunt quas odio              ┆ repudiandae veniam quaerat sun… ┆ 18           ┆ 147         ┆ 18                │
└─────────┴─────────┴─────────────────────────────────┴─────────────────────────────────┴──────────────┴─────────────┴───────────────────┘
2026-03-28 14:42:43 | INFO | CI | Sink: Polars DataFrame created
2026-03-28 14:42:43 | INFO | CI | ========================
2026-03-28 14:42:43 | INFO | CI | STAGE 04: LOAD starting...
2026-03-28 14:42:43 | INFO | CI | ========================
2026-03-28 14:42:43 | INFO | CI | SINK PATH = data\processed\case_processed.csv
2026-03-28 14:42:43 | INFO | CI | ========================
2026-03-28 14:42:43 | INFO | CI | Pipeline executed successfully!
2026-03-28 14:42:43 | INFO | CI | ========================
2026-03-28 14:47:19 | INFO | CI | === RUN START ===
2026-03-28 14:47:19 | INFO | CI | project=MODULE 4: EVTL PIPELINE
2026-03-28 14:47:19 | INFO | CI | repo_dir=nlp-04-api-text-data
2026-03-28 14:47:19 | INFO | CI | python=3.14.3
2026-03-28 14:47:19 | INFO | CI | os=Windows 11
2026-03-28 14:47:19 | INFO | CI | shell=powershell
2026-03-28 14:47:19 | INFO | CI | cwd=.
2026-03-28 14:47:19 | INFO | CI | github_actions=False
2026-03-28 14:47:19 | INFO | CI | START PIPELINE
2026-03-28 14:47:19 | INFO | CI | ROOT_PATH = .
2026-03-28 14:47:19 | INFO | CI | DATA_PATH = data
2026-03-28 14:47:19 | INFO | CI | RAW_PATH = data\raw
2026-03-28 14:47:19 | INFO | CI | PROCESSED_PATH = data\processed
2026-03-28 14:47:19 | INFO | CI | ========================
2026-03-28 14:47:19 | INFO | CI | STAGE 01: EXTRACT starting... 
2026-03-28 14:47:19 | INFO | CI | ========================
2026-03-28 14:47:19 | INFO | CI | SOURCE PATH = https://jsonplaceholder.typicode.com/posts
2026-03-28 14:47:19 | INFO | CI | SINK PATH = data\raw\case_raw.json
2026-03-28 14:47:19 | INFO | CI | ========================
2026-03-28 14:47:19 | INFO | CI | STAGE 02: VALIDATE starting...
2026-03-28 14:47:19 | INFO | CI | ========================
2026-03-28 14:47:19 | INFO | CI | JSON STRUCTURE INSPECTION:
2026-03-28 14:47:19 | INFO | CI | Top-level type: list
2026-03-28 14:47:19 | INFO | CI | Keys in first record: ['userId', 'id', 'title', 'body']
2026-03-28 14:47:19 | INFO | CI | Field types:
2026-03-28 14:47:19 | INFO | CI | userId: int
2026-03-28 14:47:19 | INFO | CI | id: int
2026-03-28 14:47:19 | INFO | CI | title: str
2026-03-28 14:47:19 | INFO | CI | body: str
2026-03-28 14:47:19 | INFO | CI | Validation passed.
2026-03-28 14:47:19 | INFO | CI | Sink: validated JSON object
2026-03-28 14:47:19 | INFO | CI | ========================
2026-03-28 14:47:19 | INFO | CI | STAGE 03: TRANSFORM starting...
2026-03-28 14:47:19 | INFO | CI | ========================
2026-03-28 14:47:20 | INFO | CI | Transformation complete.
2026-03-28 14:47:20 | INFO | CI | DataFrame preview:
shape: (5, 6)
┌─────────┬─────────┬───────┬─────────────────────────────────┬──────────────┬─────────────┐
│ user_id ┆ post_id ┆ title ┆ body                            ┆ title_length ┆ body_length │
│ ---     ┆ ---     ┆ ---   ┆ ---                             ┆ ---          ┆ ---         │
│ i64     ┆ i64     ┆ u32   ┆ str                             ┆ u32          ┆ u32         │
╞═════════╪═════════╪═══════╪═════════════════════════════════╪══════════════╪═════════════╡
│ 1       ┆ 1       ┆ 232   ┆ quia et suscipit                ┆ 74           ┆ 158         │
│         ┆         ┆       ┆ suscipit recu…                  ┆              ┆             │
│ 1       ┆ 2       ┆ 218   ┆ est rerum tempore vitae         ┆ 12           ┆ 206         │
│         ┆         ┆       ┆ sequi …                         ┆              ┆             │
│ 1       ┆ 3       ┆ 223   ┆ et iusto sed quo iure           ┆ 59           ┆ 164         │
│         ┆         ┆       ┆ voluptat…                       ┆              ┆             │
│ 1       ┆ 4       ┆ 210   ┆ ullam et saepe reiciendis volu… ┆ 20           ┆ 190         │
│ 1       ┆ 5       ┆ 165   ┆ repudiandae veniam quaerat sun… ┆ 18           ┆ 147         │
└─────────┴─────────┴───────┴─────────────────────────────────┴──────────────┴─────────────┘
2026-03-28 14:47:20 | INFO | CI | Sink: Polars DataFrame created
2026-03-28 14:47:20 | INFO | CI | ========================
2026-03-28 14:47:20 | INFO | CI | STAGE 04: LOAD starting...
2026-03-28 14:47:20 | INFO | CI | ========================
2026-03-28 14:47:20 | INFO | CI | SINK PATH = data\processed\case_processed.csv
2026-03-28 14:47:20 | INFO | CI | ========================
2026-03-28 14:47:20 | INFO | CI | Pipeline executed successfully!
2026-03-28 14:47:20 | INFO | CI | ========================
2026-03-28 14:49:34 | INFO | CI | === RUN START ===
2026-03-28 14:49:34 | INFO | CI | project=MODULE 4: EVTL PIPELINE
2026-03-28 14:49:34 | INFO | CI | repo_dir=nlp-04-api-text-data
2026-03-28 14:49:34 | INFO | CI | python=3.14.3
2026-03-28 14:49:34 | INFO | CI | os=Windows 11
2026-03-28 14:49:34 | INFO | CI | shell=powershell
2026-03-28 14:49:34 | INFO | CI | cwd=.
2026-03-28 14:49:34 | INFO | CI | github_actions=False
2026-03-28 14:49:34 | INFO | CI | START PIPELINE
2026-03-28 14:49:34 | INFO | CI | ROOT_PATH = .
2026-03-28 14:49:34 | INFO | CI | DATA_PATH = data
2026-03-28 14:49:34 | INFO | CI | RAW_PATH = data\raw
2026-03-28 14:49:34 | INFO | CI | PROCESSED_PATH = data\processed
2026-03-28 14:49:34 | INFO | CI | ========================
2026-03-28 14:49:34 | INFO | CI | STAGE 01: EXTRACT starting... 
2026-03-28 14:49:34 | INFO | CI | ========================
2026-03-28 14:49:35 | INFO | CI | SOURCE PATH = https://jsonplaceholder.typicode.com/posts
2026-03-28 14:49:35 | INFO | CI | SINK PATH = data\raw\case_raw.json
2026-03-28 14:49:35 | INFO | CI | ========================
2026-03-28 14:49:35 | INFO | CI | STAGE 02: VALIDATE starting...
2026-03-28 14:49:35 | INFO | CI | ========================
2026-03-28 14:49:35 | INFO | CI | JSON STRUCTURE INSPECTION:
2026-03-28 14:49:35 | INFO | CI | Top-level type: list
2026-03-28 14:49:35 | INFO | CI | Keys in first record: ['userId', 'id', 'title', 'body']
2026-03-28 14:49:35 | INFO | CI | Field types:
2026-03-28 14:49:35 | INFO | CI | userId: int
2026-03-28 14:49:35 | INFO | CI | id: int
2026-03-28 14:49:35 | INFO | CI | title: str
2026-03-28 14:49:35 | INFO | CI | body: str
2026-03-28 14:49:35 | INFO | CI | Validation passed.
2026-03-28 14:49:35 | INFO | CI | Sink: validated JSON object
2026-03-28 14:49:35 | INFO | CI | ========================
2026-03-28 14:49:35 | INFO | CI | STAGE 03: TRANSFORM starting...
2026-03-28 14:49:35 | INFO | CI | ========================
2026-03-28 14:49:35 | INFO | CI | Transformation complete.
2026-03-28 14:49:35 | INFO | CI | DataFrame preview:
shape: (5, 7)
┌─────────┬─────────┬─────────────────────────────────┬─────────────────────────────────┬──────────────┬─────────────┬───────────────────┐
│ user_id ┆ post_id ┆ title                           ┆ body                            ┆ title_length ┆ body_length ┆ total_text_length │
│ ---     ┆ ---     ┆ ---                             ┆ ---                             ┆ ---          ┆ ---         ┆ ---               │
│ i64     ┆ i64     ┆ str                             ┆ str                             ┆ u32          ┆ u32         ┆ u32               │
╞═════════╪═════════╪═════════════════════════════════╪═════════════════════════════════╪══════════════╪═════════════╪═══════════════════╡
│ 1       ┆ 1       ┆ sunt aut facere repellat provi… ┆ quia et suscipit                ┆ 74           ┆ 158         ┆ 232               │
│         ┆         ┆                                 ┆ suscipit recu…                  ┆              ┆             ┆                   │
│ 1       ┆ 2       ┆ qui est esse                    ┆ est rerum tempore vitae         ┆ 12           ┆ 206         ┆ 218               │
│         ┆         ┆                                 ┆ sequi …                         ┆              ┆             ┆                   │
│ 1       ┆ 3       ┆ ea molestias quasi exercitatio… ┆ et iusto sed quo iure           ┆ 59           ┆ 164         ┆ 223               │
│         ┆         ┆                                 ┆ voluptat…                       ┆              ┆             ┆                   │
│ 1       ┆ 4       ┆ eum et est occaecati            ┆ ullam et saepe reiciendis volu… ┆ 20           ┆ 190         ┆ 210               │
│ 1       ┆ 5       ┆ nesciunt quas odio              ┆ repudiandae veniam quaerat sun… ┆ 18           ┆ 147         ┆ 165               │
└─────────┴─────────┴─────────────────────────────────┴─────────────────────────────────┴──────────────┴─────────────┴───────────────────┘
2026-03-28 14:49:35 | INFO | CI | Sink: Polars DataFrame created
2026-03-28 14:49:35 | INFO | CI | ========================
2026-03-28 14:49:35 | INFO | CI | STAGE 04: LOAD starting...
2026-03-28 14:49:35 | INFO | CI | ========================
2026-03-28 14:49:35 | INFO | CI | SINK PATH = data\processed\case_processed.csv
2026-03-28 14:49:35 | INFO | CI | ========================
2026-03-28 14:49:35 | INFO | CI | Pipeline executed successfully!
2026-03-28 14:49:35 | INFO | CI | ========================
2026-03-28 14:55:20 | INFO | CI | === RUN START ===
2026-03-28 14:55:20 | INFO | CI | project=MODULE 4: EVTL PIPELINE
2026-03-28 14:55:20 | INFO | CI | repo_dir=nlp-04-api-text-data
2026-03-28 14:55:20 | INFO | CI | python=3.14.3
2026-03-28 14:55:20 | INFO | CI | os=Windows 11
2026-03-28 14:55:20 | INFO | CI | shell=powershell
2026-03-28 14:55:20 | INFO | CI | cwd=.
2026-03-28 14:55:20 | INFO | CI | github_actions=False
2026-03-28 14:55:20 | INFO | CI | START PIPELINE
2026-03-28 14:55:20 | INFO | CI | ROOT_PATH = .
2026-03-28 14:55:20 | INFO | CI | DATA_PATH = data
2026-03-28 14:55:20 | INFO | CI | RAW_PATH = data\raw
2026-03-28 14:55:20 | INFO | CI | PROCESSED_PATH = data\processed
2026-03-28 14:55:20 | INFO | CI | ========================
2026-03-28 14:55:20 | INFO | CI | STAGE 01: EXTRACT starting... 
2026-03-28 14:55:20 | INFO | CI | ========================
2026-03-28 14:55:21 | INFO | CI | SOURCE PATH = https://jsonplaceholder.typicode.com/comments
2026-03-28 14:55:21 | INFO | CI | SINK PATH = data\raw\case_raw.json
2026-03-28 14:55:21 | INFO | CI | ========================
2026-03-28 14:55:21 | INFO | CI | STAGE 02: VALIDATE starting...
2026-03-28 14:55:21 | INFO | CI | ========================
2026-03-28 14:55:21 | INFO | CI | JSON STRUCTURE INSPECTION:
2026-03-28 14:55:21 | INFO | CI | Top-level type: list
2026-03-28 14:55:21 | INFO | CI | Keys in first record: ['postId', 'id', 'name', 'email', 'body']
2026-03-28 14:55:21 | INFO | CI | Field types:
2026-03-28 14:55:21 | INFO | CI | postId: int
2026-03-28 14:55:21 | INFO | CI | id: int
2026-03-28 14:55:21 | INFO | CI | name: str
2026-03-28 14:55:21 | INFO | CI | email: str
2026-03-28 14:55:21 | INFO | CI | body: str
2026-03-28 14:55:21 | INFO | CI | Validation passed.
2026-03-28 14:55:21 | INFO | CI | Sink: validated JSON object
2026-03-28 14:55:21 | INFO | CI | ========================
2026-03-28 14:55:21 | INFO | CI | STAGE 03: TRANSFORM starting...
2026-03-28 14:55:21 | INFO | CI | ========================
2026-03-28 15:06:52 | INFO | CI | === RUN START ===
2026-03-28 15:06:52 | INFO | CI | project=MODULE 4: EVTL PIPELINE
2026-03-28 15:06:52 | INFO | CI | repo_dir=nlp-04-api-text-data
2026-03-28 15:06:52 | INFO | CI | python=3.14.3
2026-03-28 15:06:52 | INFO | CI | os=Windows 11
2026-03-28 15:06:52 | INFO | CI | shell=powershell
2026-03-28 15:06:52 | INFO | CI | cwd=.
2026-03-28 15:06:52 | INFO | CI | github_actions=False
2026-03-28 15:06:52 | INFO | CI | START PIPELINE
2026-03-28 15:06:52 | INFO | CI | ROOT_PATH = .
2026-03-28 15:06:52 | INFO | CI | DATA_PATH = data
2026-03-28 15:06:52 | INFO | CI | RAW_PATH = data\raw
2026-03-28 15:06:52 | INFO | CI | PROCESSED_PATH = data\processed
2026-03-28 15:06:52 | INFO | CI | ========================
2026-03-28 15:06:52 | INFO | CI | STAGE 01: EXTRACT starting... 
2026-03-28 15:06:52 | INFO | CI | ========================
2026-03-28 15:06:52 | INFO | CI | SOURCE PATH = https://jsonplaceholder.typicode.com/posts
2026-03-28 15:06:52 | INFO | CI | SINK PATH = data\raw\case_raw.json
2026-03-28 15:06:52 | INFO | CI | ========================
2026-03-28 15:06:52 | INFO | CI | STAGE 02: VALIDATE starting...
2026-03-28 15:06:52 | INFO | CI | ========================
2026-03-28 15:06:52 | INFO | CI | JSON STRUCTURE INSPECTION:
2026-03-28 15:06:52 | INFO | CI | Top-level type: list
2026-03-28 15:06:52 | INFO | CI | Keys in first record: ['userId', 'id', 'title', 'body']
2026-03-28 15:06:52 | INFO | CI | Field types:
2026-03-28 15:06:52 | INFO | CI | userId: int
2026-03-28 15:06:52 | INFO | CI | id: int
2026-03-28 15:06:52 | INFO | CI | title: str
2026-03-28 15:06:52 | INFO | CI | body: str
2026-03-28 15:06:52 | INFO | CI | Validation passed.
2026-03-28 15:06:52 | INFO | CI | Sink: validated JSON object
2026-03-28 15:06:52 | INFO | CI | ========================
2026-03-28 15:06:52 | INFO | CI | STAGE 03: TRANSFORM starting...
2026-03-28 15:06:52 | INFO | CI | ========================
2026-03-28 15:06:52 | INFO | CI | Transformation complete.
2026-03-28 15:06:52 | INFO | CI | DataFrame preview:
shape: (5, 7)
┌─────────┬────────────┬─────────────────────────────────┬─────────────────────────────────┬──────────────┬─────────────┬───────────────────┐
│ user_id ┆ comment_id ┆ title                           ┆ body                            ┆ title_length ┆ body_length ┆ total_text_length │
│ ---     ┆ ---        ┆ ---                             ┆ ---                             ┆ ---          ┆ ---         ┆ ---               │
│ i64     ┆ i64        ┆ str                             ┆ str                             ┆ u32          ┆ u32         ┆ u32               │
╞═════════╪════════════╪═════════════════════════════════╪═════════════════════════════════╪══════════════╪═════════════╪═══════════════════╡
│ 1       ┆ 1          ┆ sunt aut facere repellat provi… ┆ quia et suscipit                ┆ 74           ┆ 158         ┆ 232               │
│         ┆            ┆                                 ┆ suscipit recu…                  ┆              ┆             ┆                   │
│ 1       ┆ 2          ┆ qui est esse                    ┆ est rerum tempore vitae         ┆ 12           ┆ 206         ┆ 218               │
│         ┆            ┆                                 ┆ sequi …                         ┆              ┆             ┆                   │
│ 1       ┆ 3          ┆ ea molestias quasi exercitatio… ┆ et iusto sed quo iure           ┆ 59           ┆ 164         ┆ 223               │
│         ┆            ┆                                 ┆ voluptat…                       ┆              ┆             ┆                   │
│ 1       ┆ 4          ┆ eum et est occaecati            ┆ ullam et saepe reiciendis volu… ┆ 20           ┆ 190         ┆ 210               │
│ 1       ┆ 5          ┆ nesciunt quas odio              ┆ repudiandae veniam quaerat sun… ┆ 18           ┆ 147         ┆ 165               │
└─────────┴────────────┴─────────────────────────────────┴─────────────────────────────────┴──────────────┴─────────────┴───────────────────┘
2026-03-28 15:06:52 | INFO | CI | Sink: Polars DataFrame created
2026-03-28 15:06:52 | INFO | CI | ========================
2026-03-28 15:06:52 | INFO | CI | STAGE 04: LOAD starting...
2026-03-28 15:06:52 | INFO | CI | ========================
2026-03-28 15:06:52 | INFO | CI | SINK PATH = data\processed\case_processed.csv
2026-03-28 15:06:52 | INFO | CI | ========================
2026-03-28 15:06:52 | INFO | CI | Pipeline executed successfully!
2026-03-28 15:06:52 | INFO | CI | ========================
2026-03-28 15:07:43 | INFO | CI | === RUN START ===
2026-03-28 15:07:43 | INFO | CI | project=MODULE 4: EVTL PIPELINE
2026-03-28 15:07:43 | INFO | CI | repo_dir=nlp-04-api-text-data
2026-03-28 15:07:43 | INFO | CI | python=3.14.3
2026-03-28 15:07:43 | INFO | CI | os=Windows 11
2026-03-28 15:07:43 | INFO | CI | shell=powershell
2026-03-28 15:07:43 | INFO | CI | cwd=.
2026-03-28 15:07:43 | INFO | CI | github_actions=False
2026-03-28 15:07:43 | INFO | CI | START PIPELINE
2026-03-28 15:07:43 | INFO | CI | ROOT_PATH = .
2026-03-28 15:07:43 | INFO | CI | DATA_PATH = data
2026-03-28 15:07:43 | INFO | CI | RAW_PATH = data\raw
2026-03-28 15:07:43 | INFO | CI | PROCESSED_PATH = data\processed
2026-03-28 15:07:43 | INFO | CI | ========================
2026-03-28 15:07:43 | INFO | CI | STAGE 01: EXTRACT starting... 
2026-03-28 15:07:43 | INFO | CI | ========================
2026-03-28 15:07:44 | INFO | CI | SOURCE PATH = https://jsonplaceholder.typicode.com/comments
2026-03-28 15:07:44 | INFO | CI | SINK PATH = data\raw\sowers_raw.json
2026-03-28 15:07:44 | INFO | CI | ========================
2026-03-28 15:07:44 | INFO | CI | STAGE 02: VALIDATE starting...
2026-03-28 15:07:44 | INFO | CI | ========================
2026-03-28 15:07:44 | INFO | CI | JSON STRUCTURE INSPECTION:
2026-03-28 15:07:44 | INFO | CI | Top-level type: list
2026-03-28 15:07:44 | INFO | CI | Keys in first record: ['postId', 'id', 'name', 'email', 'body']
2026-03-28 15:07:44 | INFO | CI | Field types:
2026-03-28 15:07:44 | INFO | CI | postId: int
2026-03-28 15:07:44 | INFO | CI | id: int
2026-03-28 15:07:44 | INFO | CI | name: str
2026-03-28 15:07:44 | INFO | CI | email: str
2026-03-28 15:07:44 | INFO | CI | body: str
2026-03-28 15:07:44 | INFO | CI | Validation passed.
2026-03-28 15:07:44 | INFO | CI | Sink: validated JSON object
2026-03-28 15:07:44 | INFO | CI | ========================
2026-03-28 15:07:44 | INFO | CI | STAGE 03: TRANSFORM starting...
2026-03-28 15:07:44 | INFO | CI | ========================
2026-03-28 15:16:36 | INFO | CI | === RUN START ===
2026-03-28 15:16:36 | INFO | CI | project=MODULE 4: EVTL PIPELINE
2026-03-28 15:16:36 | INFO | CI | repo_dir=nlp-04-api-text-data
2026-03-28 15:16:36 | INFO | CI | python=3.14.3
2026-03-28 15:16:36 | INFO | CI | os=Windows 11
2026-03-28 15:16:36 | INFO | CI | shell=powershell
2026-03-28 15:16:36 | INFO | CI | cwd=.
2026-03-28 15:16:36 | INFO | CI | github_actions=False
2026-03-28 15:16:36 | INFO | CI | START PIPELINE
2026-03-28 15:16:36 | INFO | CI | ROOT_PATH = .
2026-03-28 15:16:36 | INFO | CI | DATA_PATH = data
2026-03-28 15:16:36 | INFO | CI | RAW_PATH = data\raw
2026-03-28 15:16:36 | INFO | CI | PROCESSED_PATH = data\processed
2026-03-28 15:16:36 | INFO | CI | ========================
2026-03-28 15:16:36 | INFO | CI | STAGE 01: EXTRACT starting... 
2026-03-28 15:16:36 | INFO | CI | ========================
2026-03-28 15:16:40 | INFO | CI | SOURCE PATH = https://jsonplaceholder.typicode.com/comments
2026-03-28 15:16:40 | INFO | CI | SINK PATH = data\raw\sowers_raw.json
2026-03-28 15:16:40 | INFO | CI | ========================
2026-03-28 15:16:40 | INFO | CI | STAGE 02: VALIDATE starting...
2026-03-28 15:16:40 | INFO | CI | ========================
2026-03-28 15:16:40 | INFO | CI | JSON STRUCTURE INSPECTION:
2026-03-28 15:16:40 | INFO | CI | Top-level type: list
2026-03-28 15:16:40 | INFO | CI | Keys in first record: ['postId', 'id', 'name', 'email', 'body']
2026-03-28 15:16:40 | INFO | CI | Field types:
2026-03-28 15:16:40 | INFO | CI | postId: int
2026-03-28 15:16:40 | INFO | CI | id: int
2026-03-28 15:16:40 | INFO | CI | name: str
2026-03-28 15:16:40 | INFO | CI | email: str
2026-03-28 15:16:40 | INFO | CI | body: str
2026-03-28 15:16:40 | INFO | CI | Validation passed.
2026-03-28 15:16:40 | INFO | CI | Sink: validated JSON object
2026-03-28 15:16:40 | INFO | CI | ========================
2026-03-28 15:16:40 | INFO | CI | STAGE 03: TRANSFORM starting...
2026-03-28 15:16:40 | INFO | CI | ========================
2026-03-28 15:16:40 | INFO | CI | Transformation complete.
2026-03-28 15:16:40 | INFO | CI | DataFrame preview:
shape: (5, 8)
┌─────────┬─────┬─────────────────────────────────┬───────┬─────────────────────────────────┬─────────────┬─────────────┬───────────────────┐
│ post_id ┆ id  ┆ name                            ┆ email ┆ body                            ┆ name_length ┆ body_length ┆ total_text_length │
│ ---     ┆ --- ┆ ---                             ┆ ---   ┆ ---                             ┆ ---         ┆ ---         ┆ ---               │
│ i64     ┆ i64 ┆ str                             ┆ u32   ┆ str                             ┆ u32         ┆ u32         ┆ u32               │
╞═════════╪═════╪═════════════════════════════════╪═══════╪═════════════════════════════════╪═════════════╪═════════════╪═══════════════════╡
│ 1       ┆ 1   ┆ id labore ex et quam laborum    ┆ 18    ┆ laudantium enim quasi est quid… ┆ 28          ┆ 148         ┆ 176               │
│ 1       ┆ 2   ┆ quo vero reiciendis velit simi… ┆ 22    ┆ est natus enim nihil est dolor… ┆ 41          ┆ 168         ┆ 209               │
│ 1       ┆ 3   ┆ odio adipisci rerum aut animi   ┆ 19    ┆ quia molestiae reprehenderit q… ┆ 29          ┆ 218         ┆ 247               │
│ 1       ┆ 4   ┆ alias odio sit                  ┆ 13    ┆ non et atque                    ┆ 14          ┆ 154         ┆ 168               │
│         ┆     ┆                                 ┆       ┆ occaecati deserun…              ┆             ┆             ┆                   │
│ 1       ┆ 5   ┆ vero eaque aliquid doloribus e… ┆ 17    ┆ harum non quasi et ratione      ┆ 37          ┆ 132         ┆ 169               │
│         ┆     ┆                                 ┆       ┆ tem…                            ┆             ┆             ┆                   │
└─────────┴─────┴─────────────────────────────────┴───────┴─────────────────────────────────┴─────────────┴─────────────┴───────────────────┘
2026-03-28 15:16:40 | INFO | CI | Sink: Polars DataFrame created
2026-03-28 15:16:40 | INFO | CI | ========================
2026-03-28 15:16:40 | INFO | CI | STAGE 04: LOAD starting...
2026-03-28 15:16:40 | INFO | CI | ========================
2026-03-28 15:16:40 | INFO | CI | SINK PATH = data\processed\sowers_processed.csv
2026-03-28 15:16:40 | INFO | CI | ========================
2026-03-28 15:16:40 | INFO | CI | Pipeline executed successfully!
2026-03-28 15:16:40 | INFO | CI | ========================
2026-03-28 15:20:07 | INFO | CI | === RUN START ===
2026-03-28 15:20:07 | INFO | CI | project=MODULE 4: EVTL PIPELINE
2026-03-28 15:20:07 | INFO | CI | repo_dir=nlp-04-api-text-data
2026-03-28 15:20:07 | INFO | CI | python=3.14.3
2026-03-28 15:20:07 | INFO | CI | os=Windows 11
2026-03-28 15:20:07 | INFO | CI | shell=powershell
2026-03-28 15:20:07 | INFO | CI | cwd=.
2026-03-28 15:20:07 | INFO | CI | github_actions=False
2026-03-28 15:20:07 | INFO | CI | START PIPELINE
2026-03-28 15:20:07 | INFO | CI | ROOT_PATH = .
2026-03-28 15:20:07 | INFO | CI | DATA_PATH = data
2026-03-28 15:20:07 | INFO | CI | RAW_PATH = data\raw
2026-03-28 15:20:07 | INFO | CI | PROCESSED_PATH = data\processed
2026-03-28 15:20:07 | INFO | CI | ========================
2026-03-28 15:20:07 | INFO | CI | STAGE 01: EXTRACT starting... 
2026-03-28 15:20:07 | INFO | CI | ========================
2026-03-28 15:20:21 | INFO | CI | SOURCE PATH = https://jsonplaceholder.typicode.com/comments
2026-03-28 15:20:21 | INFO | CI | SINK PATH = data\raw\sowers_raw.json
2026-03-28 15:20:21 | INFO | CI | ========================
2026-03-28 15:20:21 | INFO | CI | STAGE 02: VALIDATE starting...
2026-03-28 15:20:21 | INFO | CI | ========================
2026-03-28 15:20:21 | INFO | CI | JSON STRUCTURE INSPECTION:
2026-03-28 15:20:21 | INFO | CI | Top-level type: list
2026-03-28 15:20:21 | INFO | CI | Keys in first record: ['postId', 'id', 'name', 'email', 'body']
2026-03-28 15:20:21 | INFO | CI | Field types:
2026-03-28 15:20:21 | INFO | CI | postId: int
2026-03-28 15:20:21 | INFO | CI | id: int
2026-03-28 15:20:21 | INFO | CI | name: str
2026-03-28 15:20:21 | INFO | CI | email: str
2026-03-28 15:20:21 | INFO | CI | body: str
2026-03-28 15:20:21 | INFO | CI | Validation passed.
2026-03-28 15:20:21 | INFO | CI | Sink: validated JSON object
2026-03-28 15:20:21 | INFO | CI | ========================
2026-03-28 15:20:21 | INFO | CI | STAGE 03: TRANSFORM starting...
2026-03-28 15:20:21 | INFO | CI | ========================
2026-03-28 15:20:22 | INFO | CI | Transformation complete.
2026-03-28 15:20:22 | INFO | CI | DataFrame preview:
shape: (5, 9)
┌─────────┬─────┬─────────────────────────────────┬───────┬───┬─────────────┬─────────────┬─────────────┬───────────────────┐
│ post_id ┆ id  ┆ name                            ┆ email ┆ … ┆ name_length ┆ valid_email ┆ body_length ┆ total_text_length │
│ ---     ┆ --- ┆ ---                             ┆ ---   ┆   ┆ ---         ┆ ---         ┆ ---         ┆ ---               │
│ i64     ┆ i64 ┆ str                             ┆ u32   ┆   ┆ u32         ┆ bool        ┆ u32         ┆ u32               │
╞═════════╪═════╪═════════════════════════════════╪═══════╪═══╪═════════════╪═════════════╪═════════════╪═══════════════════╡
│ 1       ┆ 1   ┆ id labore ex et quam laborum    ┆ 18    ┆ … ┆ 28          ┆ true        ┆ 148         ┆ 176               │
│ 1       ┆ 2   ┆ quo vero reiciendis velit simi… ┆ 22    ┆ … ┆ 41          ┆ true        ┆ 168         ┆ 209               │
│ 1       ┆ 3   ┆ odio adipisci rerum aut animi   ┆ 19    ┆ … ┆ 29          ┆ true        ┆ 218         ┆ 247               │
│ 1       ┆ 4   ┆ alias odio sit                  ┆ 13    ┆ … ┆ 14          ┆ true        ┆ 154         ┆ 168               │
│ 1       ┆ 5   ┆ vero eaque aliquid doloribus e… ┆ 17    ┆ … ┆ 37          ┆ true        ┆ 132         ┆ 169               │
└─────────┴─────┴─────────────────────────────────┴───────┴───┴─────────────┴─────────────┴─────────────┴───────────────────┘
2026-03-28 15:20:22 | INFO | CI | Sink: Polars DataFrame created
2026-03-28 15:20:22 | INFO | CI | ========================
2026-03-28 15:20:22 | INFO | CI | STAGE 04: LOAD starting...
2026-03-28 15:20:22 | INFO | CI | ========================
2026-03-28 15:20:22 | INFO | CI | SINK PATH = data\processed\sowers_processed.csv
2026-03-28 15:20:22 | INFO | CI | ========================
2026-03-28 15:20:22 | INFO | CI | Pipeline executed successfully!
2026-03-28 15:20:22 | INFO | CI | ========================
2026-03-28 15:21:19 | INFO | CI | === RUN START ===
2026-03-28 15:21:19 | INFO | CI | project=MODULE 4: EVTL PIPELINE
2026-03-28 15:21:19 | INFO | CI | repo_dir=nlp-04-api-text-data
2026-03-28 15:21:19 | INFO | CI | python=3.14.3
2026-03-28 15:21:19 | INFO | CI | os=Windows 11
2026-03-28 15:21:19 | INFO | CI | shell=powershell
2026-03-28 15:21:19 | INFO | CI | cwd=.
2026-03-28 15:21:19 | INFO | CI | github_actions=False
2026-03-28 15:21:19 | INFO | CI | START PIPELINE
2026-03-28 15:21:19 | INFO | CI | ROOT_PATH = .
2026-03-28 15:21:19 | INFO | CI | DATA_PATH = data
2026-03-28 15:21:19 | INFO | CI | RAW_PATH = data\raw
2026-03-28 15:21:19 | INFO | CI | PROCESSED_PATH = data\processed
2026-03-28 15:21:19 | INFO | CI | ========================
2026-03-28 15:21:19 | INFO | CI | STAGE 01: EXTRACT starting... 
2026-03-28 15:21:19 | INFO | CI | ========================
2026-03-28 15:21:33 | INFO | CI | SOURCE PATH = https://jsonplaceholder.typicode.com/comments
2026-03-28 15:21:33 | INFO | CI | SINK PATH = data\raw\sowers_raw.json
2026-03-28 15:21:33 | INFO | CI | ========================
2026-03-28 15:21:33 | INFO | CI | STAGE 02: VALIDATE starting...
2026-03-28 15:21:33 | INFO | CI | ========================
2026-03-28 15:21:33 | INFO | CI | JSON STRUCTURE INSPECTION:
2026-03-28 15:21:33 | INFO | CI | Top-level type: list
2026-03-28 15:21:33 | INFO | CI | Keys in first record: ['postId', 'id', 'name', 'email', 'body']
2026-03-28 15:21:33 | INFO | CI | Field types:
2026-03-28 15:21:33 | INFO | CI | postId: int
2026-03-28 15:21:33 | INFO | CI | id: int
2026-03-28 15:21:33 | INFO | CI | name: str
2026-03-28 15:21:33 | INFO | CI | email: str
2026-03-28 15:21:33 | INFO | CI | body: str
2026-03-28 15:21:33 | INFO | CI | Validation passed.
2026-03-28 15:21:33 | INFO | CI | Sink: validated JSON object
2026-03-28 15:21:33 | INFO | CI | ========================
2026-03-28 15:21:33 | INFO | CI | STAGE 03: TRANSFORM starting...
2026-03-28 15:21:33 | INFO | CI | ========================
2026-03-28 15:21:33 | INFO | CI | Transformation complete.
2026-03-28 15:21:33 | INFO | CI | DataFrame preview:
shape: (5, 9)
┌─────────┬─────┬─────────────────────────────────┬───────┬───┬─────────────┬─────────────┬───────────────────┬─────────────┐
│ post_id ┆ id  ┆ name                            ┆ email ┆ … ┆ name_length ┆ body_length ┆ total_text_length ┆ valid_email │
│ ---     ┆ --- ┆ ---                             ┆ ---   ┆   ┆ ---         ┆ ---         ┆ ---               ┆ ---         │
│ i64     ┆ i64 ┆ str                             ┆ u32   ┆   ┆ u32         ┆ u32         ┆ u32               ┆ bool        │
╞═════════╪═════╪═════════════════════════════════╪═══════╪═══╪═════════════╪═════════════╪═══════════════════╪═════════════╡
│ 1       ┆ 1   ┆ id labore ex et quam laborum    ┆ 18    ┆ … ┆ 28          ┆ 148         ┆ 176               ┆ true        │
│ 1       ┆ 2   ┆ quo vero reiciendis velit simi… ┆ 22    ┆ … ┆ 41          ┆ 168         ┆ 209               ┆ true        │
│ 1       ┆ 3   ┆ odio adipisci rerum aut animi   ┆ 19    ┆ … ┆ 29          ┆ 218         ┆ 247               ┆ true        │
│ 1       ┆ 4   ┆ alias odio sit                  ┆ 13    ┆ … ┆ 14          ┆ 154         ┆ 168               ┆ true        │
│ 1       ┆ 5   ┆ vero eaque aliquid doloribus e… ┆ 17    ┆ … ┆ 37          ┆ 132         ┆ 169               ┆ true        │
└─────────┴─────┴─────────────────────────────────┴───────┴───┴─────────────┴─────────────┴───────────────────┴─────────────┘
2026-03-28 15:21:33 | INFO | CI | Sink: Polars DataFrame created
2026-03-28 15:21:33 | INFO | CI | ========================
2026-03-28 15:21:33 | INFO | CI | STAGE 04: LOAD starting...
2026-03-28 15:21:33 | INFO | CI | ========================
2026-03-28 15:21:33 | INFO | CI | SINK PATH = data\processed\sowers_processed.csv
2026-03-28 15:21:33 | INFO | CI | ========================
2026-03-28 15:21:33 | INFO | CI | Pipeline executed successfully!
2026-03-28 15:21:33 | INFO | CI | ========================
2026-03-28 15:43:34 | INFO | CI | === RUN START ===
2026-03-28 15:43:34 | INFO | CI | project=MODULE 4: EVTL PIPELINE
2026-03-28 15:43:34 | INFO | CI | repo_dir=nlp-04-api-text-data
2026-03-28 15:43:34 | INFO | CI | python=3.14.3
2026-03-28 15:43:34 | INFO | CI | os=Windows 11
2026-03-28 15:43:34 | INFO | CI | shell=powershell
2026-03-28 15:43:34 | INFO | CI | cwd=.
2026-03-28 15:43:34 | INFO | CI | github_actions=False
2026-03-28 15:43:34 | INFO | CI | START PIPELINE
2026-03-28 15:43:34 | INFO | CI | ROOT_PATH = .
2026-03-28 15:43:34 | INFO | CI | DATA_PATH = data
2026-03-28 15:43:34 | INFO | CI | RAW_PATH = data\raw
2026-03-28 15:43:34 | INFO | CI | PROCESSED_PATH = data\processed
2026-03-28 15:43:34 | INFO | CI | ========================
2026-03-28 15:43:34 | INFO | CI | STAGE 01: EXTRACT starting... 
2026-03-28 15:43:34 | INFO | CI | ========================
2026-03-28 15:43:48 | INFO | CI | SOURCE PATH = https://jsonplaceholder.typicode.com/comments
2026-03-28 15:43:48 | INFO | CI | SINK PATH = data\raw\sowers_raw.json
2026-03-28 15:43:48 | INFO | CI | ========================
2026-03-28 15:43:48 | INFO | CI | STAGE 02: VALIDATE starting...
2026-03-28 15:43:48 | INFO | CI | ========================
2026-03-28 15:43:48 | INFO | CI | JSON STRUCTURE INSPECTION:
2026-03-28 15:43:48 | INFO | CI | Top-level type: list
2026-03-28 15:43:48 | INFO | CI | Keys in first record: ['postId', 'id', 'name', 'email', 'body']
2026-03-28 15:43:48 | INFO | CI | Field types:
2026-03-28 15:43:48 | INFO | CI | postId: int
2026-03-28 15:43:48 | INFO | CI | id: int
2026-03-28 15:43:48 | INFO | CI | name: str
2026-03-28 15:43:48 | INFO | CI | email: str
2026-03-28 15:43:48 | INFO | CI | body: str
2026-03-28 15:43:48 | INFO | CI | Validation passed.
2026-03-28 15:43:48 | INFO | CI | Sink: validated JSON object
2026-03-28 15:43:48 | INFO | CI | ========================
2026-03-28 15:43:48 | INFO | CI | STAGE 03: TRANSFORM starting...
2026-03-28 15:43:48 | INFO | CI | ========================
2026-03-28 15:43:49 | INFO | CI | Transformation complete.
2026-03-28 15:43:49 | INFO | CI | DataFrame preview:
shape: (5, 9)
┌─────────┬─────┬─────────────────────────────────┬───────┬───┬─────────────┬─────────────┬───────────────────┬─────────────┐
│ post_id ┆ id  ┆ name                            ┆ email ┆ … ┆ name_length ┆ body_length ┆ total_text_length ┆ valid_email │
│ ---     ┆ --- ┆ ---                             ┆ ---   ┆   ┆ ---         ┆ ---         ┆ ---               ┆ ---         │
│ i64     ┆ i64 ┆ str                             ┆ u32   ┆   ┆ u32         ┆ u32         ┆ u32               ┆ bool        │
╞═════════╪═════╪═════════════════════════════════╪═══════╪═══╪═════════════╪═════════════╪═══════════════════╪═════════════╡
│ 1       ┆ 1   ┆ id labore ex et quam laborum    ┆ 18    ┆ … ┆ 28          ┆ 148         ┆ 176               ┆ true        │
│ 1       ┆ 2   ┆ quo vero reiciendis velit simi… ┆ 22    ┆ … ┆ 41          ┆ 168         ┆ 209               ┆ true        │
│ 1       ┆ 3   ┆ odio adipisci rerum aut animi   ┆ 19    ┆ … ┆ 29          ┆ 218         ┆ 247               ┆ true        │
│ 1       ┆ 4   ┆ alias odio sit                  ┆ 13    ┆ … ┆ 14          ┆ 154         ┆ 168               ┆ true        │
│ 1       ┆ 5   ┆ vero eaque aliquid doloribus e… ┆ 17    ┆ … ┆ 37          ┆ 132         ┆ 169               ┆ true        │
└─────────┴─────┴─────────────────────────────────┴───────┴───┴─────────────┴─────────────┴───────────────────┴─────────────┘
2026-03-28 15:43:49 | INFO | CI | Sink: Polars DataFrame created
2026-03-28 15:43:49 | INFO | CI | ========================
2026-03-28 15:43:49 | INFO | CI | STAGE 04: LOAD starting...
2026-03-28 15:43:49 | INFO | CI | ========================
2026-03-28 15:43:49 | INFO | CI | SINK PATH = data\processed\sowers_processed.csv
2026-03-28 15:43:49 | INFO | CI | ========================
2026-03-28 15:43:49 | INFO | CI | Pipeline executed successfully!
2026-03-28 15:43:49 | INFO | CI | ========================
